<?xml version="1.0" encoding="UTF-8"?>
<testng-results skipped="0" failed="1" ignored="0" total="1" passed="0">
  <reporter-output>
  </reporter-output>
  <suite name="Default suite" duration-ms="7354" started-at="2020-05-24T08:20:01 IST" finished-at="2020-05-24T08:20:08 IST">
    <groups>
      <group name="Assignment3">
        <method signature="Task1.test1()[pri:0, instance:Assignment3.Task1@cd2dae5]" name="test1" class="Assignment3.Task1"/>
      </group> <!-- Assignment3 -->
      <group name="mandatory">
        <method signature="Task1.test1()[pri:0, instance:Assignment3.Task1@cd2dae5]" name="test1" class="Assignment3.Task1"/>
      </group> <!-- mandatory -->
    </groups>
    <test name="Default test" duration-ms="7354" started-at="2020-05-24T08:20:01 IST" finished-at="2020-05-24T08:20:08 IST">
      <class name="Assignment3.Task1">
        <test-method status="PASS" signature="setUp()[pri:0, instance:Assignment3.Task1@cd2dae5]" name="setUp" is-config="true" duration-ms="152" started-at="2020-05-24T08:20:01 IST" finished-at="2020-05-24T08:20:01 IST">
          <reporter-output>
          </reporter-output>
        </test-method> <!-- setUp -->
        <test-method status="FAIL" signature="test1()[pri:0, instance:Assignment3.Task1@cd2dae5]" name="test1" duration-ms="7304" started-at="2020-05-24T08:20:01 IST" finished-at="2020-05-24T08:20:08 IST">
          <exception class="org.openqa.selenium.SessionNotCreatedException">
            <message>
              <![CDATA[session not created
from disconnected: received Inspector.detached event
  (Session info: chrome=83.0.4103.61)
Build info: version: '3.141.59', revision: 'e82be7d358', time: '2018-11-14T08:25:53'
System info: host: 'KARTHIK-PC', ip: '192.168.43.147', os.name: 'Windows 7', os.arch: 'amd64', os.version: '6.1', java.version: '1.8.0_221'
Driver info: driver.version: ChromeDriver
remote stacktrace: Backtrace:
Ordinal0 [0x01119563+2725219]
Ordinal0 [0x01018551+1672529]
Ordinal0 [0x00F00359+525145]
Ordinal0 [0x00EF8579+492921]
Ordinal0 [0x00EF818C+491916]
Ordinal0 [0x00EF7AB8+490168]
Ordinal0 [0x00EF6EFE+487166]
Ordinal0 [0x00EF7135+487733]
Ordinal0 [0x00EF6B75+486261]
Ordinal0 [0x00EFF055+520277]
Ordinal0 [0x00EF6B32+486194]
Ordinal0 [0x00EF7739+489273]
Ordinal0 [0x00EF6EFE+487166]
Ordinal0 [0x00EF7135+487733]
Ordinal0 [0x00EF6B75+486261]
Ordinal0 [0x00EFD83E+514110]
Ordinal0 [0x00EF6B32+486194]
Ordinal0 [0x00EF7739+489273]
Ordinal0 [0x00EF6EFE+487166]
Ordinal0 [0x00EF7135+487733]
Ordinal0 [0x00EF6B75+486261]
Ordinal0 [0x00EFBBF6+506870]
Ordinal0 [0x00EF6B32+486194]
Ordinal0 [0x00EF7739+489273]
Ordinal0 [0x00EF6EFE+487166]
Ordinal0 [0x00EF7135+487733]
Ordinal0 [0x00EF6B75+486261]
Ordinal0 [0x00EFB1B7+504247]
Ordinal0 [0x00EF6B32+486194]
Ordinal0 [0x00EF7739+489273]
Ordinal0 [0x00EF6EFE+487166]
Ordinal0 [0x00EF7135+487733]
Ordinal0 [0x00EF6B75+486261]
Ordinal0 [0x00EF337C+471932]
Ordinal0 [0x00EF6B32+486194]
Ordinal0 [0x00EF6A87+486023]
Ordinal0 [0x00F00FF0+528368]
Ordinal0 [0x00EAD6C9+186057]
Ordinal0 [0x00EACA3D+182845]
Ordinal0 [0x00EAA94B+174411]
Ordinal0 [0x00E92528+75048]
Ordinal0 [0x00E935A0+79264]
Ordinal0 [0x00E93539+79161]
Ordinal0 [0x0102D607+1758727]
GetHandleVerifier [0x01236546+1050150]
GetHandleVerifier [0x01236291+1049457]
GetHandleVerifier [0x012410D7+1094071]
GetHandleVerifier [0x01236B46+1051686]
Ordinal0 [0x01025B06+1727238]
Ordinal0 [0x0102EB7B+1764219]
Ordinal0 [0x0102ECE3+1764579]
Ordinal0 [0x01044C05+1854469]
BaseThreadInitThunk [0x769833AA+18]
RtlInitializeExceptionChain [0x77BD9F72+99]
RtlInitializeExceptionChain [0x77BD9F45+54]
]]>
            </message>
            <full-stacktrace>
              <![CDATA[org.openqa.selenium.SessionNotCreatedException: session not created
from disconnected: received Inspector.detached event
  (Session info: chrome=83.0.4103.61)
Build info: version: '3.141.59', revision: 'e82be7d358', time: '2018-11-14T08:25:53'
System info: host: 'KARTHIK-PC', ip: '192.168.43.147', os.name: 'Windows 7', os.arch: 'amd64', os.version: '6.1', java.version: '1.8.0_221'
Driver info: driver.version: ChromeDriver
remote stacktrace: Backtrace:
Ordinal0 [0x01119563+2725219]
Ordinal0 [0x01018551+1672529]
Ordinal0 [0x00F00359+525145]
Ordinal0 [0x00EF8579+492921]
Ordinal0 [0x00EF818C+491916]
Ordinal0 [0x00EF7AB8+490168]
Ordinal0 [0x00EF6EFE+487166]
Ordinal0 [0x00EF7135+487733]
Ordinal0 [0x00EF6B75+486261]
Ordinal0 [0x00EFF055+520277]
Ordinal0 [0x00EF6B32+486194]
Ordinal0 [0x00EF7739+489273]
Ordinal0 [0x00EF6EFE+487166]
Ordinal0 [0x00EF7135+487733]
Ordinal0 [0x00EF6B75+486261]
Ordinal0 [0x00EFD83E+514110]
Ordinal0 [0x00EF6B32+486194]
Ordinal0 [0x00EF7739+489273]
Ordinal0 [0x00EF6EFE+487166]
Ordinal0 [0x00EF7135+487733]
Ordinal0 [0x00EF6B75+486261]
Ordinal0 [0x00EFBBF6+506870]
Ordinal0 [0x00EF6B32+486194]
Ordinal0 [0x00EF7739+489273]
Ordinal0 [0x00EF6EFE+487166]
Ordinal0 [0x00EF7135+487733]
Ordinal0 [0x00EF6B75+486261]
Ordinal0 [0x00EFB1B7+504247]
Ordinal0 [0x00EF6B32+486194]
Ordinal0 [0x00EF7739+489273]
Ordinal0 [0x00EF6EFE+487166]
Ordinal0 [0x00EF7135+487733]
Ordinal0 [0x00EF6B75+486261]
Ordinal0 [0x00EF337C+471932]
Ordinal0 [0x00EF6B32+486194]
Ordinal0 [0x00EF6A87+486023]
Ordinal0 [0x00F00FF0+528368]
Ordinal0 [0x00EAD6C9+186057]
Ordinal0 [0x00EACA3D+182845]
Ordinal0 [0x00EAA94B+174411]
Ordinal0 [0x00E92528+75048]
Ordinal0 [0x00E935A0+79264]
Ordinal0 [0x00E93539+79161]
Ordinal0 [0x0102D607+1758727]
GetHandleVerifier [0x01236546+1050150]
GetHandleVerifier [0x01236291+1049457]
GetHandleVerifier [0x012410D7+1094071]
GetHandleVerifier [0x01236B46+1051686]
Ordinal0 [0x01025B06+1727238]
Ordinal0 [0x0102EB7B+1764219]
Ordinal0 [0x0102ECE3+1764579]
Ordinal0 [0x01044C05+1854469]
BaseThreadInitThunk [0x769833AA+18]
RtlInitializeExceptionChain [0x77BD9F72+99]
RtlInitializeExceptionChain [0x77BD9F45+54]

at sun.reflect.NativeConstructorAccessorImpl.newInstance0(Native Method)
at sun.reflect.NativeConstructorAccessorImpl.newInstance(Unknown Source)
at sun.reflect.DelegatingConstructorAccessorImpl.newInstance(Unknown Source)
at java.lang.reflect.Constructor.newInstance(Unknown Source)
at org.openqa.selenium.remote.W3CHandshakeResponse.lambda$errorHandler$0(W3CHandshakeResponse.java:62)
at org.openqa.selenium.remote.HandshakeResponse.lambda$getResponseFunction$0(HandshakeResponse.java:30)
at org.openqa.selenium.remote.ProtocolHandshake.lambda$createSession$0(ProtocolHandshake.java:126)
at java.util.stream.ReferencePipeline$3$1.accept(Unknown Source)
at java.util.Spliterators$ArraySpliterator.tryAdvance(Unknown Source)
at java.util.stream.ReferencePipeline.forEachWithCancel(Unknown Source)
at java.util.stream.AbstractPipeline.copyIntoWithCancel(Unknown Source)
at java.util.stream.AbstractPipeline.copyInto(Unknown Source)
at java.util.stream.AbstractPipeline.wrapAndCopyInto(Unknown Source)
at java.util.stream.FindOps$FindOp.evaluateSequential(Unknown Source)
at java.util.stream.AbstractPipeline.evaluate(Unknown Source)
at java.util.stream.ReferencePipeline.findFirst(Unknown Source)
at org.openqa.selenium.remote.ProtocolHandshake.createSession(ProtocolHandshake.java:128)
at org.openqa.selenium.remote.ProtocolHandshake.createSession(ProtocolHandshake.java:74)
at org.openqa.selenium.remote.HttpCommandExecutor.execute(HttpCommandExecutor.java:136)
at org.openqa.selenium.remote.service.DriverCommandExecutor.execute(DriverCommandExecutor.java:83)
at org.openqa.selenium.remote.RemoteWebDriver.execute(RemoteWebDriver.java:552)
at org.openqa.selenium.remote.RemoteWebDriver.startSession(RemoteWebDriver.java:213)
at org.openqa.selenium.remote.RemoteWebDriver.<init>(RemoteWebDriver.java:131)
at org.openqa.selenium.chrome.ChromeDriver.<init>(ChromeDriver.java:181)
at org.openqa.selenium.chrome.ChromeDriver.<init>(ChromeDriver.java:168)
at org.openqa.selenium.chrome.ChromeDriver.<init>(ChromeDriver.java:123)
at Assignment1.BaseImplementation.driver(BaseImplementation.java:82)
at Assignment3.Task1.test1(Task1.java:25)
at sun.reflect.NativeMethodAccessorImpl.invoke0(Native Method)
at sun.reflect.NativeMethodAccessorImpl.invoke(Unknown Source)
at sun.reflect.DelegatingMethodAccessorImpl.invoke(Unknown Source)
at java.lang.reflect.Method.invoke(Unknown Source)
at org.testng.internal.MethodInvocationHelper.invokeMethod(MethodInvocationHelper.java:135)
at org.testng.internal.TestInvoker.invokeMethod(TestInvoker.java:598)
at org.testng.internal.TestInvoker.invokeTestMethod(TestInvoker.java:174)
at org.testng.internal.MethodRunner.runInSequence(MethodRunner.java:46)
at org.testng.internal.TestInvoker$MethodInvocationAgent.invoke(TestInvoker.java:821)
at org.testng.internal.TestInvoker.invokeTestMethods(TestInvoker.java:147)
at org.testng.internal.TestMethodWorker.invokeTestMethods(TestMethodWorker.java:146)
at org.testng.internal.TestMethodWorker.run(TestMethodWorker.java:128)
at java.util.ArrayList.forEach(Unknown Source)
at org.testng.TestRunner.privateRun(TestRunner.java:767)
at org.testng.TestRunner.run(TestRunner.java:588)
at org.testng.SuiteRunner.runTest(SuiteRunner.java:384)
at org.testng.SuiteRunner.runSequentially(SuiteRunner.java:378)
at org.testng.SuiteRunner.privateRun(SuiteRunner.java:337)
at org.testng.SuiteRunner.run(SuiteRunner.java:286)
at org.testng.SuiteRunnerWorker.runSuite(SuiteRunnerWorker.java:53)
at org.testng.SuiteRunnerWorker.run(SuiteRunnerWorker.java:96)
at org.testng.TestNG.runSuitesSequentially(TestNG.java:1214)
at org.testng.TestNG.runSuitesLocally(TestNG.java:1136)
at org.testng.TestNG.runSuites(TestNG.java:1066)
at org.testng.TestNG.run(TestNG.java:1034)
at org.testng.remote.AbstractRemoteTestNG.run(AbstractRemoteTestNG.java:115)
at org.testng.remote.RemoteTestNG.initAndRun(RemoteTestNG.java:251)
at org.testng.remote.RemoteTestNG.main(RemoteTestNG.java:77)
]]>
            </full-stacktrace>
          </exception> <!-- org.openqa.selenium.SessionNotCreatedException -->
          <reporter-output>
          </reporter-output>
        </test-method> <!-- test1 -->
        <test-method status="FAIL" signature="getResult(org.testng.ITestResult)[pri:0, instance:Assignment3.Task1@cd2dae5]" name="getResult" is-config="true" duration-ms="6" started-at="2020-05-24T08:20:08 IST" finished-at="2020-05-24T08:20:08 IST">
          <params>
            <param index="0">
              <value>
                <![CDATA[[TestResult name=test1 status=FAILURE method=Task1.test1()[pri:0, instance:Assignment3.Task1@cd2dae5] output={null}]]]>
              </value>
            </param>
          </params>
          <exception class="java.lang.NullPointerException">
            <full-stacktrace>
              <![CDATA[java.lang.NullPointerException
at Assignment1.BaseImplementation.getScreenshot(BaseImplementation.java:97)
at Assignment1.BaseImplementation.getResult(BaseImplementation.java:63)
at sun.reflect.NativeMethodAccessorImpl.invoke0(Native Method)
at sun.reflect.NativeMethodAccessorImpl.invoke(Unknown Source)
at sun.reflect.DelegatingMethodAccessorImpl.invoke(Unknown Source)
at java.lang.reflect.Method.invoke(Unknown Source)
at org.testng.internal.MethodInvocationHelper.invokeMethod(MethodInvocationHelper.java:135)
at org.testng.internal.MethodInvocationHelper.invokeMethodConsideringTimeout(MethodInvocationHelper.java:64)
at org.testng.internal.ConfigInvoker.invokeConfigurationMethod(ConfigInvoker.java:364)
at org.testng.internal.ConfigInvoker.invokeConfigurations(ConfigInvoker.java:318)
at org.testng.internal.TestInvoker.runConfigMethods(TestInvoker.java:700)
at org.testng.internal.TestInvoker.runAfterGroupsConfigurations(TestInvoker.java:676)
at org.testng.internal.TestInvoker.invokeMethod(TestInvoker.java:660)
at org.testng.internal.TestInvoker.invokeTestMethod(TestInvoker.java:174)
at org.testng.internal.MethodRunner.runInSequence(MethodRunner.java:46)
at org.testng.internal.TestInvoker$MethodInvocationAgent.invoke(TestInvoker.java:821)
at org.testng.internal.TestInvoker.invokeTestMethods(TestInvoker.java:147)
at org.testng.internal.TestMethodWorker.invokeTestMethods(TestMethodWorker.java:146)
at org.testng.internal.TestMethodWorker.run(TestMethodWorker.java:128)
at java.util.ArrayList.forEach(Unknown Source)
at org.testng.TestRunner.privateRun(TestRunner.java:767)
at org.testng.TestRunner.run(TestRunner.java:588)
at org.testng.SuiteRunner.runTest(SuiteRunner.java:384)
at org.testng.SuiteRunner.runSequentially(SuiteRunner.java:378)
at org.testng.SuiteRunner.privateRun(SuiteRunner.java:337)
at org.testng.SuiteRunner.run(SuiteRunner.java:286)
at org.testng.SuiteRunnerWorker.runSuite(SuiteRunnerWorker.java:53)
at org.testng.SuiteRunnerWorker.run(SuiteRunnerWorker.java:96)
at org.testng.TestNG.runSuitesSequentially(TestNG.java:1214)
at org.testng.TestNG.runSuitesLocally(TestNG.java:1136)
at org.testng.TestNG.runSuites(TestNG.java:1066)
at org.testng.TestNG.run(TestNG.java:1034)
at org.testng.remote.AbstractRemoteTestNG.run(AbstractRemoteTestNG.java:115)
at org.testng.remote.RemoteTestNG.initAndRun(RemoteTestNG.java:251)
at org.testng.remote.RemoteTestNG.main(RemoteTestNG.java:77)
]]>
            </full-stacktrace>
          </exception> <!-- java.lang.NullPointerException -->
          <reporter-output>
          </reporter-output>
        </test-method> <!-- getResult -->
        <test-method status="PASS" signature="testReport()[pri:0, instance:Assignment3.Task1@cd2dae5]" name="testReport" is-config="true" duration-ms="331" started-at="2020-05-24T08:20:08 IST" finished-at="2020-05-24T08:20:08 IST">
          <reporter-output>
          </reporter-output>
        </test-method> <!-- testReport -->
      </class> <!-- Assignment3.Task1 -->
    </test> <!-- Default test -->
  </suite> <!-- Default suite -->
</testng-results>
